09:25:59.901 INFO  - HikariPool-1 - Starting...
09:26:01.411 INFO  - HikariPool-1 - Added connection ConnectionID:1 ClientConnectionId: 517ba9ca-8362-4ae9-94d9-c0a9a68e104a
09:26:01.414 INFO  - HikariPool-1 - Start completed.
09:26:01.783 INFO  - HikariPool-1 - Shutdown initiated...
09:26:01.802 INFO  - HikariPool-1 - Shutdown completed.
09:59:58.613 INFO  - HikariPool-1 - Starting...
10:01:30.084 INFO  - HikariPool-1 - Starting...
10:01:31.465 INFO  - HikariPool-1 - Added connection ConnectionID:1 ClientConnectionId: 935cc011-966f-40e3-997f-43b12356f4c8
10:01:31.467 INFO  - HikariPool-1 - Start completed.
10:01:31.880 INFO  - HikariPool-1 - Shutdown initiated...
10:01:31.888 INFO  - HikariPool-1 - Shutdown completed.
10:12:29.102 INFO  - [HikariDataSource]:HikariPool-1 - Starting...
10:12:29.635 INFO  - [HikariPool]:HikariPool-1 - Added connection ConnectionID:1 ClientConnectionId: 864080d3-0efc-49e0-a9b9-f7ddc7359c94
10:12:29.638 INFO  - [HikariDataSource]:HikariPool-1 - Start completed.
10:12:29.905 INFO  - [HikariDataSource]:HikariPool-1 - Shutdown initiated...
10:12:29.934 INFO  - [HikariDataSource]:HikariPool-1 - Shutdown completed.
10:16:33.139 INFO  - [HikariDataSource]:110 - HikariPool-1 - Starting...
10:16:33.554 INFO  - [HikariPool]:565 - HikariPool-1 - Added connection ConnectionID:1 ClientConnectionId: 7890f2f4-8339-4fb0-bdc5-4d6c5970413d
10:16:33.555 INFO  - [HikariDataSource]:123 - HikariPool-1 - Start completed.
10:16:33.793 INFO  - [HikariDataSource]:350 - HikariPool-1 - Shutdown initiated...
10:16:33.824 INFO  - [HikariDataSource]:352 - HikariPool-1 - Shutdown completed.
